<?xml version="1.0" encoding="UTF-8"?>
<!-- Generated by org.testng.reporters.JUnitReportReporter -->
<testsuite hostname="DESKTOP-DGMPD0B" failures="0" tests="1" name="MyTest" time="5.363" errors="0" timestamp="08 nov. 2023 02:09:32 GMT" skipped="0">
  <testcase classname="MyTest" name="myTest" time="5.363"/>
</testsuite> <!-- MyTest -->
